# JRE version: OpenJDK Runtime Environment (8.0_202-b03) (build 1.8.0_202-release-1483-b03)
# Java VM: OpenJDK 64-Bit Server VM (25.202-b03 mixed mode windows-amd64 compressed oops)
Heap:
 PSYoungGen      total 239616K, used 60692K [0x00000000e0000000, 0x00000000f3900000, 0x0000000100000000)
  eden space 227328K, 25% used [0x00000000e0000000,0x00000000e37f9288,0x00000000ede00000)
  from space 12288K, 27% used [0x00000000eef80000,0x00000000ef2cc010,0x00000000efb80000)
  to   space 17920K, 0% used [0x00000000ede00000,0x00000000ede00000,0x00000000eef80000)
 ParOldGen       total 69120K, used 43215K [0x00000000a0000000, 0x00000000a4380000, 0x00000000e0000000)
  object space 69120K, 62% used [0x00000000a0000000,0x00000000a2a33de8,0x00000000a4380000)
 Metaspace       used 68875K, capacity 70810K, committed 71064K, reserved 1110016K
  class space    used 9062K, capacity 9522K, committed 9648K, reserved 1048576K
GC Heap History (10 events):
Event: 18.208 GC heap before
{Heap before GC invocations=13 (full 2):
 PSYoungGen      total 178688K, used 178676K [0x00000000e0000000, 0x00000000ebf00000, 0x0000000100000000)
  eden space 166912K, 100% used [0x00000000e0000000,0x00000000ea300000,0x00000000ea300000)
  from space 11776K, 99% used [0x00000000eb380000,0x00000000ebefd208,0x00000000ebf00000)
  to   space 14336K, 0% used [0x00000000ea300000,0x00000000ea300000,0x00000000eb100000)
 ParOldGen       total 69120K, used 20314K [0x00000000a0000000, 0x00000000a4380000, 0x00000000e0000000)
  object space 69120K, 29% used [0x00000000a0000000,0x00000000a13d69f0,0x00000000a4380000)
 Metaspace       used 49797K, capacity 50756K, committed 51112K, reserved 1093632K
  class space    used 6673K, capacity 6969K, committed 7088K, reserved 1048576K
Event: 18.241 GC heap after
Heap after GC invocations=13 (full 2):
 PSYoungGen      total 181248K, used 5282K [0x00000000e0000000, 0x00000000efd80000, 0x0000000100000000)
  eden space 166912K, 0% used [0x00000000e0000000,0x00000000e0000000,0x00000000ea300000)
  from space 14336K, 36% used [0x00000000ea300000,0x00000000ea828888,0x00000000eb100000)
  to   space 14336K, 0% used [0x00000000eef80000,0x00000000eef80000,0x00000000efd80000)
 ParOldGen       total 69120K, used 28636K [0x00000000a0000000, 0x00000000a4380000, 0x00000000e0000000)
  object space 69120K, 41% used [0x00000000a0000000,0x00000000a1bf7188,0x00000000a4380000)
 Metaspace       used 49797K, capacity 50756K, committed 51112K, reserved 1093632K
  class space    used 6673K, capacity 6969K, committed 7088K, reserved 1048576K
}
Event: 21.607 GC heap before
{Heap before GC invocations=14 (full 2):
 PSYoungGen      total 181248K, used 108691K [0x00000000e0000000, 0x00000000efd80000, 0x0000000100000000)
  eden space 166912K, 61% used [0x00000000e0000000,0x00000000e64fc700,0x00000000ea300000)
  from space 14336K, 36% used [0x00000000ea300000,0x00000000ea828888,0x00000000eb100000)
  to   space 14336K, 0% used [0x00000000eef80000,0x00000000eef80000,0x00000000efd80000)
 ParOldGen       total 69120K, used 28636K [0x00000000a0000000, 0x00000000a4380000, 0x00000000e0000000)
  object space 69120K, 41% used [0x00000000a0000000,0x00000000a1bf7188,0x00000000a4380000)
 Metaspace       used 57587K, capacity 58998K, committed 59160K, reserved 1099776K
  class space    used 7816K, capacity 8214K, committed 8240K, reserved 1048576K
Event: 21.630 GC heap after
Heap after GC invocations=14 (full 2):
 PSYoungGen      total 238592K, used 12045K [0x00000000e0000000, 0x00000000efb80000, 0x0000000100000000)
  eden space 226304K, 0% used [0x00000000e0000000,0x00000000e0000000,0x00000000edd00000)
  from space 12288K, 98% used [0x00000000eef80000,0x00000000efb43760,0x00000000efb80000)
  to   space 15360K, 0% used [0x00000000edd80000,0x00000000edd80000,0x00000000eec80000)
 ParOldGen       total 69120K, used 30181K [0x00000000a0000000, 0x00000000a4380000, 0x00000000e0000000)
  object space 69120K, 43% used [0x00000000a0000000,0x00000000a1d79628,0x00000000a4380000)
 Metaspace       used 57587K, capacity 58998K, committed 59160K, reserved 1099776K
  class space    used 7816K, capacity 8214K, committed 8240K, reserved 1048576K
}
Event: 21.630 GC heap before
{Heap before GC invocations=15 (full 3):
 PSYoungGen      total 238592K, used 12045K [0x00000000e0000000, 0x00000000efb80000, 0x0000000100000000)
  eden space 226304K, 0% used [0x00000000e0000000,0x00000000e0000000,0x00000000edd00000)
  from space 12288K, 98% used [0x00000000eef80000,0x00000000efb43760,0x00000000efb80000)
  to   space 15360K, 0% used [0x00000000edd80000,0x00000000edd80000,0x00000000eec80000)
 ParOldGen       total 69120K, used 30181K [0x00000000a0000000, 0x00000000a4380000, 0x00000000e0000000)
  object space 69120K, 43% used [0x00000000a0000000,0x00000000a1d79628,0x00000000a4380000)
 Metaspace       used 57587K, capacity 58998K, committed 59160K, reserved 1099776K
  class space    used 7816K, capacity 8214K, committed 8240K, reserved 1048576K
Event: 21.874 GC heap after
Heap after GC invocations=15 (full 3):
 PSYoungGen      total 238592K, used 0K [0x00000000e0000000, 0x00000000efb80000, 0x0000000100000000)
  eden space 226304K, 0% used [0x00000000e0000000,0x00000000e0000000,0x00000000edd00000)
  from space 12288K, 0% used [0x00000000eef80000,0x00000000eef80000,0x00000000efb80000)
  to   space 15360K, 0% used [0x00000000edd80000,0x00000000edd80000,0x00000000eec80000)
 ParOldGen       total 69120K, used 35153K [0x00000000a0000000, 0x00000000a4380000, 0x00000000e0000000)
  object space 69120K, 50% used [0x00000000a0000000,0x00000000a22546b0,0x00000000a4380000)
 Metaspace       used 57587K, capacity 58998K, committed 59160K, reserved 1099776K
  class space    used 7816K, capacity 8214K, committed 8240K, reserved 1048576K
}
Event: 84.100 GC heap before
{Heap before GC invocations=16 (full 3):
 PSYoungGen      total 238592K, used 226304K [0x00000000e0000000, 0x00000000efb80000, 0x0000000100000000)
  eden space 226304K, 100% used [0x00000000e0000000,0x00000000edd00000,0x00000000edd00000)
  from space 12288K, 0% used [0x00000000eef80000,0x00000000eef80000,0x00000000efb80000)
  to   space 15360K, 0% used [0x00000000edd80000,0x00000000edd80000,0x00000000eec80000)
 ParOldGen       total 69120K, used 35153K [0x00000000a0000000, 0x00000000a4380000, 0x00000000e0000000)
  object space 69120K, 50% used [0x00000000a0000000,0x00000000a22546b0,0x00000000a4380000)
 Metaspace       used 66002K, capacity 67704K, committed 67864K, reserved 1107968K
  class space    used 8749K, capacity 9230K, committed 9264K, reserved 1048576K
Event: 84.132 GC heap after
Heap after GC invocations=16 (full 3):
 PSYoungGen      total 241664K, used 15335K [0x00000000e0000000, 0x00000000efb80000, 0x0000000100000000)
  eden space 226304K, 0% used [0x00000000e0000000,0x00000000e0000000,0x00000000edd00000)
  from space 15360K, 99% used [0x00000000edd80000,0x00000000eec79ee8,0x00000000eec80000)
  to   space 12288K, 0% used [0x00000000eef80000,0x00000000eef80000,0x00000000efb80000)
 ParOldGen       total 69120K, used 36370K [0x00000000a0000000, 0x00000000a4380000, 0x00000000e0000000)
  object space 69120K, 52% used [0x00000000a0000000,0x00000000a2384810,0x00000000a4380000)
 Metaspace       used 66002K, capacity 67704K, committed 67864K, reserved 1107968K
  class space    used 8749K, capacity 9230K, committed 9264K, reserved 1048576K
}
Event: 268.175 GC heap before
{Heap before GC invocations=17 (full 3):
 PSYoungGen      total 241664K, used 241639K [0x00000000e0000000, 0x00000000efb80000, 0x0000000100000000)
  eden space 226304K, 100% used [0x00000000e0000000,0x00000000edd00000,0x00000000edd00000)
  from space 15360K, 99% used [0x00000000edd80000,0x00000000eec79ee8,0x00000000eec80000)
  to   space 12288K, 0% used [0x00000000eef80000,0x00000000eef80000,0x00000000efb80000)
 ParOldGen       total 69120K, used 36370K [0x00000000a0000000, 0x00000000a4380000, 0x00000000e0000000)
  object space 69120K, 52% used [0x00000000a0000000,0x00000000a2384810,0x00000000a4380000)
 Metaspace       used 66950K, capacity 68789K, committed 69016K, reserved 1110016K
  class space    used 8775K, capacity 9267K, committed 9392K, reserved 1048576K
Event: 268.190 GC heap after
Heap after GC invocations=17 (full 3):
 PSYoungGen      total 239616K, used 3376K [0x00000000e0000000, 0x00000000f3900000, 0x0000000100000000)
  eden space 227328K, 0% used [0x00000000e0000000,0x00000000e0000000,0x00000000ede00000)
  from space 12288K, 27% used [0x00000000eef80000,0x00000000ef2cc010,0x00000000efb80000)
  to   space 17920K, 0% used [0x00000000ede00000,0x00000000ede00000,0x00000000eef80000)
 ParOldGen       total 69120K, used 43215K [0x00000000a0000000, 0x00000000a4380000, 0x00000000e0000000)
  object space 69120K, 62% used [0x00000000a0000000,0x00000000a2a33de8,0x00000000a4380000)
 Metaspace       used 66950K, capacity 68789K, committed 69016K, reserved 1110016K
  class space    used 8775K, capacity 9267K, committed 9392K, reserved 1048576K
}

