# JRE version: OpenJDK Runtime Environment (8.0_202-b03) (build 1.8.0_202-release-1483-b03)
# Java VM: OpenJDK 64-Bit Server VM (25.202-b03 mixed mode windows-amd64 compressed oops)
Heap:
 PSYoungGen      total 70656K, used 54192K [0x00000000d6000000, 0x00000000daa00000, 0x0000000100000000)
  eden space 65536K, 82% used [0x00000000d6000000,0x00000000d94ec1e0,0x00000000da000000)
  from space 5120K, 0% used [0x00000000da000000,0x00000000da000000,0x00000000da500000)
  to   space 5120K, 0% used [0x00000000da500000,0x00000000da500000,0x00000000daa00000)
 ParOldGen       total 63488K, used 8831K [0x0000000082000000, 0x0000000085e00000, 0x00000000d6000000)
  object space 63488K, 13% used [0x0000000082000000,0x000000008289fd68,0x0000000085e00000)
 Metaspace       used 27337K, capacity 27716K, committed 27952K, reserved 1073152K
  class space    used 3426K, capacity 3572K, committed 3632K, reserved 1048576K
GC Heap History (8 events):
Event: 0.592 GC heap before
{Heap before GC invocations=1 (full 0):
 PSYoungGen      total 37888K, used 32768K [0x00000000d6000000, 0x00000000d8a00000, 0x0000000100000000)
  eden space 32768K, 100% used [0x00000000d6000000,0x00000000d8000000,0x00000000d8000000)
  from space 5120K, 0% used [0x00000000d8500000,0x00000000d8500000,0x00000000d8a00000)
  to   space 5120K, 0% used [0x00000000d8000000,0x00000000d8000000,0x00000000d8500000)
 ParOldGen       total 86016K, used 0K [0x0000000082000000, 0x0000000087400000, 0x00000000d6000000)
  object space 86016K, 0% used [0x0000000082000000,0x0000000082000000,0x0000000087400000)
 Metaspace       used 9076K, capacity 9876K, committed 10112K, reserved 1058816K
  class space    used 1016K, capacity 1040K, committed 1152K, reserved 1048576K
Event: 0.599 GC heap after
Heap after GC invocations=1 (full 0):
 PSYoungGen      total 37888K, used 5096K [0x00000000d6000000, 0x00000000daa00000, 0x0000000100000000)
  eden space 32768K, 0% used [0x00000000d6000000,0x00000000d6000000,0x00000000d8000000)
  from space 5120K, 99% used [0x00000000d8000000,0x00000000d84fa3e8,0x00000000d8500000)
  to   space 5120K, 0% used [0x00000000da500000,0x00000000da500000,0x00000000daa00000)
 ParOldGen       total 86016K, used 2768K [0x0000000082000000, 0x0000000087400000, 0x00000000d6000000)
  object space 86016K, 3% used [0x0000000082000000,0x00000000822b43a8,0x0000000087400000)
 Metaspace       used 9076K, capacity 9876K, committed 10112K, reserved 1058816K
  class space    used 1016K, capacity 1040K, committed 1152K, reserved 1048576K
}
Event: 1.084 GC heap before
{Heap before GC invocations=2 (full 0):
 PSYoungGen      total 37888K, used 37864K [0x00000000d6000000, 0x00000000daa00000, 0x0000000100000000)
  eden space 32768K, 100% used [0x00000000d6000000,0x00000000d8000000,0x00000000d8000000)
  from space 5120K, 99% used [0x00000000d8000000,0x00000000d84fa3e8,0x00000000d8500000)
  to   space 5120K, 0% used [0x00000000da500000,0x00000000da500000,0x00000000daa00000)
 ParOldGen       total 86016K, used 2768K [0x0000000082000000, 0x0000000087400000, 0x00000000d6000000)
  object space 86016K, 3% used [0x0000000082000000,0x00000000822b43a8,0x0000000087400000)
 Metaspace       used 16893K, capacity 17208K, committed 17536K, reserved 1064960K
  class space    used 2015K, capacity 2126K, committed 2176K, reserved 1048576K
Event: 1.099 GC heap after
Heap after GC invocations=2 (full 0):
 PSYoungGen      total 70656K, used 5088K [0x00000000d6000000, 0x00000000daa00000, 0x0000000100000000)
  eden space 65536K, 0% used [0x00000000d6000000,0x00000000d6000000,0x00000000da000000)
  from space 5120K, 99% used [0x00000000da500000,0x00000000da9f83c0,0x00000000daa00000)
  to   space 5120K, 0% used [0x00000000da000000,0x00000000da000000,0x00000000da500000)
 ParOldGen       total 86016K, used 7734K [0x0000000082000000, 0x0000000087400000, 0x00000000d6000000)
  object space 86016K, 8% used [0x0000000082000000,0x000000008278d940,0x0000000087400000)
 Metaspace       used 16893K, capacity 17208K, committed 17536K, reserved 1064960K
  class space    used 2015K, capacity 2126K, committed 2176K, reserved 1048576K
}
Event: 1.314 GC heap before
{Heap before GC invocations=3 (full 0):
 PSYoungGen      total 70656K, used 22618K [0x00000000d6000000, 0x00000000daa00000, 0x0000000100000000)
  eden space 65536K, 26% used [0x00000000d6000000,0x00000000d711e440,0x00000000da000000)
  from space 5120K, 99% used [0x00000000da500000,0x00000000da9f83c0,0x00000000daa00000)
  to   space 5120K, 0% used [0x00000000da000000,0x00000000da000000,0x00000000da500000)
 ParOldGen       total 86016K, used 7734K [0x0000000082000000, 0x0000000087400000, 0x00000000d6000000)
  object space 86016K, 8% used [0x0000000082000000,0x000000008278d940,0x0000000087400000)
 Metaspace       used 20719K, capacity 21120K, committed 21296K, reserved 1067008K
  class space    used 2659K, capacity 2818K, committed 2864K, reserved 1048576K
Event: 1.324 GC heap after
Heap after GC invocations=3 (full 0):
 PSYoungGen      total 70656K, used 5105K [0x00000000d6000000, 0x00000000daa00000, 0x0000000100000000)
  eden space 65536K, 0% used [0x00000000d6000000,0x00000000d6000000,0x00000000da000000)
  from space 5120K, 99% used [0x00000000da000000,0x00000000da4fc7a8,0x00000000da500000)
  to   space 5120K, 0% used [0x00000000da500000,0x00000000da500000,0x00000000daa00000)
 ParOldGen       total 86016K, used 11473K [0x0000000082000000, 0x0000000087400000, 0x00000000d6000000)
  object space 86016K, 13% used [0x0000000082000000,0x0000000082b34640,0x0000000087400000)
 Metaspace       used 20719K, capacity 21120K, committed 21296K, reserved 1067008K
  class space    used 2659K, capacity 2818K, committed 2864K, reserved 1048576K
}
Event: 1.324 GC heap before
{Heap before GC invocations=4 (full 1):
 PSYoungGen      total 70656K, used 5105K [0x00000000d6000000, 0x00000000daa00000, 0x0000000100000000)
  eden space 65536K, 0% used [0x00000000d6000000,0x00000000d6000000,0x00000000da000000)
  from space 5120K, 99% used [0x00000000da000000,0x00000000da4fc7a8,0x00000000da500000)
  to   space 5120K, 0% used [0x00000000da500000,0x00000000da500000,0x00000000daa00000)
 ParOldGen       total 86016K, used 11473K [0x0000000082000000, 0x0000000087400000, 0x00000000d6000000)
  object space 86016K, 13% used [0x0000000082000000,0x0000000082b34640,0x0000000087400000)
 Metaspace       used 20719K, capacity 21120K, committed 21296K, reserved 1067008K
  class space    used 2659K, capacity 2818K, committed 2864K, reserved 1048576K
Event: 1.359 GC heap after
Heap after GC invocations=4 (full 1):
 PSYoungGen      total 70656K, used 0K [0x00000000d6000000, 0x00000000daa00000, 0x0000000100000000)
  eden space 65536K, 0% used [0x00000000d6000000,0x00000000d6000000,0x00000000da000000)
  from space 5120K, 0% used [0x00000000da000000,0x00000000da000000,0x00000000da500000)
  to   space 5120K, 0% used [0x00000000da500000,0x00000000da500000,0x00000000daa00000)
 ParOldGen       total 63488K, used 8831K [0x0000000082000000, 0x0000000085e00000, 0x00000000d6000000)
  object space 63488K, 13% used [0x0000000082000000,0x000000008289fd68,0x0000000085e00000)
 Metaspace       used 20719K, capacity 21120K, committed 21296K, reserved 1067008K
  class space    used 2659K, capacity 2818K, committed 2864K, reserved 1048576K
}

