# JRE version: OpenJDK Runtime Environment (8.0_202-b03) (build 1.8.0_202-release-1483-b03)
# Java VM: OpenJDK 64-Bit Server VM (25.202-b03 mixed mode windows-amd64 compressed oops)
Heap:
 PSYoungGen      total 70656K, used 15969K [0x00000000e0000000, 0x00000000e4a00000, 0x0000000100000000)
  eden space 65536K, 16% used [0x00000000e0000000,0x00000000e0a9f338,0x00000000e4000000)
  from space 5120K, 99% used [0x00000000e4500000,0x00000000e49f9368,0x00000000e4a00000)
  to   space 5120K, 69% used [0x00000000e4000000,0x00000000e4377dc8,0x00000000e4500000)
 ParOldGen       total 75776K, used 41126K [0x00000000a0000000, 0x00000000a4a00000, 0x00000000e0000000)
  object space 75776K, 54% used [0x00000000a0000000,0x00000000a2829950,0x00000000a4a00000)
 Metaspace       used 47244K, capacity 48032K, committed 48424K, reserved 1095680K
  class space    used 5884K, capacity 6107K, committed 6192K, reserved 1048576K
GC Heap History (10 events):
Event: 8.998 GC heap after
Heap after GC invocations=7 (full 2):
 PSYoungGen      total 70656K, used 5106K [0x00000000e0000000, 0x00000000e4a00000, 0x0000000100000000)
  eden space 65536K, 0% used [0x00000000e0000000,0x00000000e0000000,0x00000000e4000000)
  from space 5120K, 99% used [0x00000000e4000000,0x00000000e44fcb28,0x00000000e4500000)
  to   space 5120K, 0% used [0x00000000e4500000,0x00000000e4500000,0x00000000e4a00000)
 ParOldGen       total 47104K, used 17584K [0x00000000a0000000, 0x00000000a2e00000, 0x00000000e0000000)
  object space 47104K, 37% used [0x00000000a0000000,0x00000000a112c270,0x00000000a2e00000)
 Metaspace       used 30489K, capacity 30994K, committed 31408K, reserved 1077248K
  class space    used 3840K, capacity 3993K, committed 4016K, reserved 1048576K
}
Event: 9.564 GC heap before
{Heap before GC invocations=8 (full 2):
 PSYoungGen      total 70656K, used 29006K [0x00000000e0000000, 0x00000000e4a00000, 0x0000000100000000)
  eden space 65536K, 36% used [0x00000000e0000000,0x00000000e1756e30,0x00000000e4000000)
  from space 5120K, 99% used [0x00000000e4000000,0x00000000e44fcb28,0x00000000e4500000)
  to   space 5120K, 0% used [0x00000000e4500000,0x00000000e4500000,0x00000000e4a00000)
 ParOldGen       total 47104K, used 17584K [0x00000000a0000000, 0x00000000a2e00000, 0x00000000e0000000)
  object space 47104K, 37% used [0x00000000a0000000,0x00000000a112c270,0x00000000a2e00000)
 Metaspace       used 34675K, capacity 35131K, committed 35496K, reserved 1081344K
  class space    used 4337K, capacity 4512K, committed 4528K, reserved 1048576K
Event: 9.573 GC heap after
Heap after GC invocations=8 (full 2):
 PSYoungGen      total 70656K, used 5118K [0x00000000e0000000, 0x00000000e4a00000, 0x0000000100000000)
  eden space 65536K, 0% used [0x00000000e0000000,0x00000000e0000000,0x00000000e4000000)
  from space 5120K, 99% used [0x00000000e4500000,0x00000000e49ffb08,0x00000000e4a00000)
  to   space 5120K, 0% used [0x00000000e4000000,0x00000000e4000000,0x00000000e4500000)
 ParOldGen       total 47104K, used 23637K [0x00000000a0000000, 0x00000000a2e00000, 0x00000000e0000000)
  object space 47104K, 50% used [0x00000000a0000000,0x00000000a17154f0,0x00000000a2e00000)
 Metaspace       used 34675K, capacity 35131K, committed 35496K, reserved 1081344K
  class space    used 4337K, capacity 4512K, committed 4528K, reserved 1048576K
}
Event: 9.573 GC heap before
{Heap before GC invocations=9 (full 3):
 PSYoungGen      total 70656K, used 5118K [0x00000000e0000000, 0x00000000e4a00000, 0x0000000100000000)
  eden space 65536K, 0% used [0x00000000e0000000,0x00000000e0000000,0x00000000e4000000)
  from space 5120K, 99% used [0x00000000e4500000,0x00000000e49ffb08,0x00000000e4a00000)
  to   space 5120K, 0% used [0x00000000e4000000,0x00000000e4000000,0x00000000e4500000)
 ParOldGen       total 47104K, used 23637K [0x00000000a0000000, 0x00000000a2e00000, 0x00000000e0000000)
  object space 47104K, 50% used [0x00000000a0000000,0x00000000a17154f0,0x00000000a2e00000)
 Metaspace       used 34675K, capacity 35131K, committed 35496K, reserved 1081344K
  class space    used 4337K, capacity 4512K, committed 4528K, reserved 1048576K
Event: 9.661 GC heap after
Heap after GC invocations=9 (full 3):
 PSYoungGen      total 70656K, used 0K [0x00000000e0000000, 0x00000000e4a00000, 0x0000000100000000)
  eden space 65536K, 0% used [0x00000000e0000000,0x00000000e0000000,0x00000000e4000000)
  from space 5120K, 0% used [0x00000000e4500000,0x00000000e4500000,0x00000000e4a00000)
  to   space 5120K, 0% used [0x00000000e4000000,0x00000000e4000000,0x00000000e4500000)
 ParOldGen       total 75776K, used 18382K [0x00000000a0000000, 0x00000000a4a00000, 0x00000000e0000000)
  object space 75776K, 24% used [0x00000000a0000000,0x00000000a11f3b08,0x00000000a4a00000)
 Metaspace       used 34675K, capacity 35131K, committed 35496K, reserved 1081344K
  class space    used 4337K, capacity 4512K, committed 4528K, reserved 1048576K
}
Event: 10.782 GC heap before
{Heap before GC invocations=10 (full 3):
 PSYoungGen      total 70656K, used 65536K [0x00000000e0000000, 0x00000000e4a00000, 0x0000000100000000)
  eden space 65536K, 100% used [0x00000000e0000000,0x00000000e4000000,0x00000000e4000000)
  from space 5120K, 0% used [0x00000000e4500000,0x00000000e4500000,0x00000000e4a00000)
  to   space 5120K, 0% used [0x00000000e4000000,0x00000000e4000000,0x00000000e4500000)
 ParOldGen       total 75776K, used 18382K [0x00000000a0000000, 0x00000000a4a00000, 0x00000000e0000000)
  object space 75776K, 24% used [0x00000000a0000000,0x00000000a11f3b08,0x00000000a4a00000)
 Metaspace       used 40362K, capacity 41001K, committed 41512K, reserved 1085440K
  class space    used 4973K, capacity 5129K, committed 5168K, reserved 1048576K
Event: 10.794 GC heap after
Heap after GC invocations=10 (full 3):
 PSYoungGen      total 70656K, used 5091K [0x00000000e0000000, 0x00000000e4a00000, 0x0000000100000000)
  eden space 65536K, 0% used [0x00000000e0000000,0x00000000e0000000,0x00000000e4000000)
  from space 5120K, 99% used [0x00000000e4000000,0x00000000e44f8f40,0x00000000e4500000)
  to   space 5120K, 0% used [0x00000000e4500000,0x00000000e4500000,0x00000000e4a00000)
 ParOldGen       total 75776K, used 26768K [0x00000000a0000000, 0x00000000a4a00000, 0x00000000e0000000)
  object space 75776K, 35% used [0x00000000a0000000,0x00000000a1a24278,0x00000000a4a00000)
 Metaspace       used 40362K, capacity 41001K, committed 41512K, reserved 1085440K
  class space    used 4973K, capacity 5129K, committed 5168K, reserved 1048576K
}
Event: 12.111 GC heap before
{Heap before GC invocations=11 (full 3):
 PSYoungGen      total 70656K, used 70627K [0x00000000e0000000, 0x00000000e4a00000, 0x0000000100000000)
  eden space 65536K, 100% used [0x00000000e0000000,0x00000000e4000000,0x00000000e4000000)
  from space 5120K, 99% used [0x00000000e4000000,0x00000000e44f8f40,0x00000000e4500000)
  to   space 5120K, 0% used [0x00000000e4500000,0x00000000e4500000,0x00000000e4a00000)
 ParOldGen       total 75776K, used 26768K [0x00000000a0000000, 0x00000000a4a00000, 0x00000000e0000000)
  object space 75776K, 35% used [0x00000000a0000000,0x00000000a1a24278,0x00000000a4a00000)
 Metaspace       used 46251K, capacity 47034K, committed 47528K, reserved 1091584K
  class space    used 5745K, capacity 5944K, committed 6064K, reserved 1048576K
Event: 12.128 GC heap after
Heap after GC invocations=11 (full 3):
 PSYoungGen      total 70656K, used 5092K [0x00000000e0000000, 0x00000000e4a00000, 0x0000000100000000)
  eden space 65536K, 0% used [0x00000000e0000000,0x00000000e0000000,0x00000000e4000000)
  from space 5120K, 99% used [0x00000000e4500000,0x00000000e49f9368,0x00000000e4a00000)
  to   space 5120K, 0% used [0x00000000e4000000,0x00000000e4000000,0x00000000e4500000)
 ParOldGen       total 75776K, used 41126K [0x00000000a0000000, 0x00000000a4a00000, 0x00000000e0000000)
  object space 75776K, 54% used [0x00000000a0000000,0x00000000a2829950,0x00000000a4a00000)
 Metaspace       used 46251K, capacity 47034K, committed 47528K, reserved 1091584K
  class space    used 5745K, capacity 5944K, committed 6064K, reserved 1048576K
}
Event: 12.364 GC heap before
{Heap before GC invocations=12 (full 3):
 PSYoungGen      total 70656K, used 15969K [0x00000000e0000000, 0x00000000e4a00000, 0x0000000100000000)
  eden space 65536K, 16% used [0x00000000e0000000,0x00000000e0a9f338,0x00000000e4000000)
  from space 5120K, 99% used [0x00000000e4500000,0x00000000e49f9368,0x00000000e4a00000)
  to   space 5120K, 0% used [0x00000000e4000000,0x00000000e4000000,0x00000000e4500000)
 ParOldGen       total 75776K, used 41126K [0x00000000a0000000, 0x00000000a4a00000, 0x00000000e0000000)
  object space 75776K, 54% used [0x00000000a0000000,0x00000000a2829950,0x00000000a4a00000)
 Metaspace       used 47244K, capacity 48032K, committed 48424K, reserved 1095680K
  class space    used 5884K, capacity 6107K, committed 6192K, reserved 1048576K

