# JRE version: OpenJDK Runtime Environment (8.0_202-b03) (build 1.8.0_202-release-1483-b03)
# Java VM: OpenJDK 64-Bit Server VM (25.202-b03 mixed mode windows-amd64 compressed oops)
Heap:
 PSYoungGen      total 58368K, used 17219K [0x00000000e0000000, 0x00000000e5580000, 0x0000000100000000)
  eden space 53248K, 22% used [0x00000000e0000000,0x00000000e0bd11a8,0x00000000e3400000)
  from space 5120K, 99% used [0x00000000e4100000,0x00000000e45ffb18,0x00000000e4600000)
  to   space 13312K, 0% used [0x00000000e3400000,0x00000000e3400000,0x00000000e4100000)
 ParOldGen       total 49152K, used 15300K [0x00000000a0000000, 0x00000000a3000000, 0x00000000e0000000)
  object space 49152K, 31% used [0x00000000a0000000,0x00000000a0ef1210,0x00000000a3000000)
 Metaspace       used 32121K, capacity 32580K, committed 32896K, reserved 1077248K
  class space    used 4066K, capacity 4220K, committed 4224K, reserved 1048576K
GC Heap History (10 events):
Event: 2.960 GC heap before
{Heap before GC invocations=4 (full 1):
 PSYoungGen      total 37888K, used 37885K [0x00000000e0000000, 0x00000000e2a00000, 0x0000000100000000)
  eden space 32768K, 100% used [0x00000000e0000000,0x00000000e2000000,0x00000000e2000000)
  from space 5120K, 99% used [0x00000000e2500000,0x00000000e29ff718,0x00000000e2a00000)
  to   space 5120K, 0% used [0x00000000e2000000,0x00000000e2000000,0x00000000e2500000)
 ParOldGen       total 86016K, used 4921K [0x00000000a0000000, 0x00000000a5400000, 0x00000000e0000000)
  object space 86016K, 5% used [0x00000000a0000000,0x00000000a04ce420,0x00000000a5400000)
 Metaspace       used 20637K, capacity 21008K, committed 21296K, reserved 1069056K
  class space    used 2474K, capacity 2612K, committed 2688K, reserved 1048576K
Event: 2.968 GC heap after
Heap after GC invocations=4 (full 1):
 PSYoungGen      total 37888K, used 5108K [0x00000000e0000000, 0x00000000e2a00000, 0x0000000100000000)
  eden space 32768K, 0% used [0x00000000e0000000,0x00000000e0000000,0x00000000e2000000)
  from space 5120K, 99% used [0x00000000e2000000,0x00000000e24fd250,0x00000000e2500000)
  to   space 5120K, 0% used [0x00000000e2500000,0x00000000e2500000,0x00000000e2a00000)
 ParOldGen       total 86016K, used 9975K [0x00000000a0000000, 0x00000000a5400000, 0x00000000e0000000)
  object space 86016K, 11% used [0x00000000a0000000,0x00000000a09bdf00,0x00000000a5400000)
 Metaspace       used 20637K, capacity 21008K, committed 21296K, reserved 1069056K
  class space    used 2474K, capacity 2612K, committed 2688K, reserved 1048576K
}
Event: 2.975 GC heap before
{Heap before GC invocations=5 (full 1):
 PSYoungGen      total 37888K, used 5604K [0x00000000e0000000, 0x00000000e2a00000, 0x0000000100000000)
  eden space 32768K, 1% used [0x00000000e0000000,0x00000000e007bfe0,0x00000000e2000000)
  from space 5120K, 99% used [0x00000000e2000000,0x00000000e24fd250,0x00000000e2500000)
  to   space 5120K, 0% used [0x00000000e2500000,0x00000000e2500000,0x00000000e2a00000)
 ParOldGen       total 86016K, used 9975K [0x00000000a0000000, 0x00000000a5400000, 0x00000000e0000000)
  object space 86016K, 11% used [0x00000000a0000000,0x00000000a09bdf00,0x00000000a5400000)
 Metaspace       used 20708K, capacity 21072K, committed 21296K, reserved 1069056K
  class space    used 2481K, capacity 2612K, committed 2688K, reserved 1048576K
Event: 2.979 GC heap after
Heap after GC invocations=5 (full 1):
 PSYoungGen      total 37888K, used 5111K [0x00000000e0000000, 0x00000000e4a00000, 0x0000000100000000)
  eden space 32768K, 0% used [0x00000000e0000000,0x00000000e0000000,0x00000000e2000000)
  from space 5120K, 99% used [0x00000000e2500000,0x00000000e29fdd60,0x00000000e2a00000)
  to   space 5120K, 0% used [0x00000000e2000000,0x00000000e2000000,0x00000000e2500000)
 ParOldGen       total 86016K, used 10057K [0x00000000a0000000, 0x00000000a5400000, 0x00000000e0000000)
  object space 86016K, 11% used [0x00000000a0000000,0x00000000a09d2728,0x00000000a5400000)
 Metaspace       used 20708K, capacity 21072K, committed 21296K, reserved 1069056K
  class space    used 2481K, capacity 2612K, committed 2688K, reserved 1048576K
}
Event: 2.979 GC heap before
{Heap before GC invocations=6 (full 2):
 PSYoungGen      total 37888K, used 5111K [0x00000000e0000000, 0x00000000e4a00000, 0x0000000100000000)
  eden space 32768K, 0% used [0x00000000e0000000,0x00000000e0000000,0x00000000e2000000)
  from space 5120K, 99% used [0x00000000e2500000,0x00000000e29fdd60,0x00000000e2a00000)
  to   space 5120K, 0% used [0x00000000e2000000,0x00000000e2000000,0x00000000e2500000)
 ParOldGen       total 86016K, used 10057K [0x00000000a0000000, 0x00000000a5400000, 0x00000000e0000000)
  object space 86016K, 11% used [0x00000000a0000000,0x00000000a09d2728,0x00000000a5400000)
 Metaspace       used 20708K, capacity 21072K, committed 21296K, reserved 1069056K
  class space    used 2481K, capacity 2612K, committed 2688K, reserved 1048576K
Event: 3.009 GC heap after
Heap after GC invocations=6 (full 2):
 PSYoungGen      total 37888K, used 0K [0x00000000e0000000, 0x00000000e4a00000, 0x0000000100000000)
  eden space 32768K, 0% used [0x00000000e0000000,0x00000000e0000000,0x00000000e2000000)
  from space 5120K, 0% used [0x00000000e2500000,0x00000000e2500000,0x00000000e2a00000)
  to   space 5120K, 0% used [0x00000000e2000000,0x00000000e2000000,0x00000000e2500000)
 ParOldGen       total 49152K, used 6700K [0x00000000a0000000, 0x00000000a3000000, 0x00000000e0000000)
  object space 49152K, 13% used [0x00000000a0000000,0x00000000a068b268,0x00000000a3000000)
 Metaspace       used 20708K, capacity 21072K, committed 21296K, reserved 1069056K
  class space    used 2481K, capacity 2612K, committed 2688K, reserved 1048576K
}
Event: 4.301 GC heap before
{Heap before GC invocations=7 (full 2):
 PSYoungGen      total 37888K, used 32768K [0x00000000e0000000, 0x00000000e4a00000, 0x0000000100000000)
  eden space 32768K, 100% used [0x00000000e0000000,0x00000000e2000000,0x00000000e2000000)
  from space 5120K, 0% used [0x00000000e2500000,0x00000000e2500000,0x00000000e2a00000)
  to   space 5120K, 0% used [0x00000000e2000000,0x00000000e2000000,0x00000000e2500000)
 ParOldGen       total 49152K, used 6700K [0x00000000a0000000, 0x00000000a3000000, 0x00000000e0000000)
  object space 49152K, 13% used [0x00000000a0000000,0x00000000a068b268,0x00000000a3000000)
 Metaspace       used 25666K, capacity 26208K, committed 26496K, reserved 1073152K
  class space    used 3264K, capacity 3446K, committed 3456K, reserved 1048576K
Event: 4.308 GC heap after
Heap after GC invocations=7 (full 2):
 PSYoungGen      total 37888K, used 5118K [0x00000000e0000000, 0x00000000e4600000, 0x0000000100000000)
  eden space 32768K, 0% used [0x00000000e0000000,0x00000000e0000000,0x00000000e2000000)
  from space 5120K, 99% used [0x00000000e2000000,0x00000000e24ff9c0,0x00000000e2500000)
  to   space 5120K, 0% used [0x00000000e4100000,0x00000000e4100000,0x00000000e4600000)
 ParOldGen       total 49152K, used 8631K [0x00000000a0000000, 0x00000000a3000000, 0x00000000e0000000)
  object space 49152K, 17% used [0x00000000a0000000,0x00000000a086de80,0x00000000a3000000)
 Metaspace       used 25666K, capacity 26208K, committed 26496K, reserved 1073152K
  class space    used 3264K, capacity 3446K, committed 3456K, reserved 1048576K
}
Event: 4.814 GC heap before
{Heap before GC invocations=8 (full 2):
 PSYoungGen      total 37888K, used 37886K [0x00000000e0000000, 0x00000000e4600000, 0x0000000100000000)
  eden space 32768K, 100% used [0x00000000e0000000,0x00000000e2000000,0x00000000e2000000)
  from space 5120K, 99% used [0x00000000e2000000,0x00000000e24ff9c0,0x00000000e2500000)
  to   space 5120K, 0% used [0x00000000e4100000,0x00000000e4100000,0x00000000e4600000)
 ParOldGen       total 49152K, used 8631K [0x00000000a0000000, 0x00000000a3000000, 0x00000000e0000000)
  object space 49152K, 17% used [0x00000000a0000000,0x00000000a086de80,0x00000000a3000000)
 Metaspace       used 30482K, capacity 31012K, committed 31488K, reserved 1077248K
  class space    used 3829K, capacity 3996K, committed 4096K, reserved 1048576K
Event: 4.829 GC heap after
Heap after GC invocations=8 (full 2):
 PSYoungGen      total 58368K, used 5118K [0x00000000e0000000, 0x00000000e5580000, 0x0000000100000000)
  eden space 53248K, 0% used [0x00000000e0000000,0x00000000e0000000,0x00000000e3400000)
  from space 5120K, 99% used [0x00000000e4100000,0x00000000e45ffb18,0x00000000e4600000)
  to   space 13312K, 0% used [0x00000000e3400000,0x00000000e3400000,0x00000000e4100000)
 ParOldGen       total 49152K, used 15300K [0x00000000a0000000, 0x00000000a3000000, 0x00000000e0000000)
  object space 49152K, 31% used [0x00000000a0000000,0x00000000a0ef1210,0x00000000a3000000)
 Metaspace       used 30482K, capacity 31012K, committed 31488K, reserved 1077248K
  class space    used 3829K, capacity 3996K, committed 4096K, reserved 1048576K
}

